<?xml version="1.0" encoding="utf-8"?><testsuites name="pytest tests"><testsuite name="pytest" errors="0" failures="0" skipped="0" tests="11" time="1.698" timestamp="2026-05-21T10:45:59.153510+00:00" hostname="agent-env-96e4ca1f-6eb4-455f-9a3c-e9c01c61bc28"><testcase classname="backend.tests.test_waitlist.TestRoot" name="test_root_welcome_message" time="0.309" /><testcase classname="backend.tests.test_waitlist.TestWaitlistCreate" name="test_create_valid_email" time="0.219" /><testcase classname="backend.tests.test_waitlist.TestWaitlistCreate" name="test_create_invalid_email_returns_422" time="0.060" /><testcase classname="backend.tests.test_waitlist.TestWaitlistCreate" name="test_create_missing_email_returns_422" time="0.049" /><testcase classname="backend.tests.test_waitlist.TestWaitlistCreate" name="test_duplicate_email_idempotent" time="0.102" /><testcase classname="backend.tests.test_waitlist.TestWaitlistCreate" name="test_email_case_insensitive" time="0.093" /><testcase classname="backend.tests.test_waitlist.TestWaitlistList" name="test_list_returns_array_no_objectid" time="0.114" /><testcase classname="backend.tests.test_waitlist.TestWaitlistList" name="test_list_sorted_recent_first" time="0.154" /><testcase classname="backend.tests.test_waitlist.TestWaitlistCount" name="test_count_returns_number" time="0.052" /><testcase classname="backend.tests.test_waitlist.TestWaitlistCount" name="test_count_increases_after_create" time="0.136" /><testcase classname="backend.tests.test_waitlist.TestWaitlistCount" name="test_count_unchanged_for_duplicate" time="0.181" /></testsuite></testsuites>